<?xml version="1.0" encoding="UTF-8"?>
<!-- Generated by org.testng.reporters.JUnitReportReporter -->
<testsuite skipped="0" hostname="DESKTOP-KVS4D73" name="testng1.Testngtest" tests="5" failures="0" timestamp="27 Sep 2021 17:59:45 GMT" time="0.032" errors="0">
  <testcase name="firsttest" time="0.005" classname="testng1.Testngtest"/>
  <testcase name="Mon" time="0.006" classname="testng1.Testngtest"/>
  <testcase name="Tue" time="0.010" classname="testng1.Testngtest"/>
  <testcase name="Sun" time="0.008" classname="testng1.Testngtest"/>
  <testcase name="Wed" time="0.003" classname="testng1.Testngtest"/>
</testsuite> <!-- testng1.Testngtest -->
